Nowhere to put text: {\start\}
Nowhere to put text: {~[ap\head\Aa}
Nowhere to put text: {he abused me for driving carelessly.  }
Nowhere to put text: {/[j17]k[j16]m[j17][j24]de[j11]\minion,0\[cf1][j14][j17]n\minion,0\[cp8.7]/}
Nowhere to put text: {\minion,0\[cp8.7]/  }
Nowhere to put text: {  \optima,0\[cf3]}
Nowhere to put text: {  \optima,0\[cf3]}
Nowhere to put text: {/\optima,0\[j24][j12]d\minion,0\[cf1]v[j17]k[j17]t\minion,0\[cp8.7]/  }
Nowhere to put text: {of her own age. [j33] He's half my age.  }
Nowhere to put text: { ; <for sense 2,>  /\times,0\[cp8.5][j24]e[j11]d[j15][j17]d\minion,0\[cp8.7]/  }
Nowhere to put text: {  \optima,0\[cf3]}
Nowhere to put text: {  \optima,0\[cf3]}
Nowhere to put text: {/[j24][j16]l\minion,0\[cf1]t[j17]ne[j11]t\minion,0\[cp8.7]/  }
Nowhere to put text: {  \optima,0\[cf3]}
Nowhere to put text: {  \optima,0\[cf3]}
Nowhere to put text: {  \optima,0\[cf3]}
Nowhere to put text: {/[j17][j24]neks\minion,0\[cp8.7]/  }
Nowhere to put text: {  \optima,0\[cf3]}
Nowhere to put text: {  \optima,0\[cf3]}
Nowhere to put text: {/[j17][j24]pr[j16]k\minion,0\[cf1]s[j17]me[j11]t\minion,0\[cp8.7]/  }
Nowhere to put text: {  \optima,0\[cf3]}
Nowhere to put text: {  \optima,0\[cf3]}
Nowhere to put text: {  \optima,0\[cf3]}
Nowhere to put text: {  <for 1, 2; for 3,>  /\times,0\[cp8.5][j24][j12]tr[j17]bjut\minion,0\[cp8.7]/ }
