Nowhere to put text: {\start\}
Nowhere to put text: {~[ap\head\Bb}
Nowhere to put text: { \optima,0\[cf3]}
Nowhere to put text: { [cj3,5,8]/b[j20]l\minion,0\[cp8.7]/ }
Nowhere to put text: {/b[j17][j24]lun\minion,0\[cp8.7]/ }
Nowhere to put text: {tralian TV. }
Nowhere to put text: {[oi0,(s75+6)] [cj3,5,8]/[j24]b[j12]n\minion,0\[cf1]d[j11]d[j15]\minion,0\[cp8.7]/}
Nowhere to put text: {was regularly beaten. }
Nowhere to put text: { /\times,0\[cp8.5]bi[j24]k[j20]z, -[j24]k[j16]z\minion,0\[cf1], b[j17]-\minion,0\[cp8.7]/}
Nowhere to put text: {bent his head in sorrow. }
Nowhere to put text: { \optima,0\[cf3]}
Nowhere to put text: { /\times,0\[cp8.5]b[j17][j24]sid[j15]\minion,0\[cf1], bi-\minion,0\[cp8.7]/ }
Nowhere to put text: {have a bet on the Melbourne Cup. }
Nowhere to put text: { \optima,0\[cf3]}
Nowhere to put text: { \optima,0\[cf3]}
Nowhere to put text: {bound with an elastic band. }
Nowhere to put text: { \optima,0\[cf3]}
Nowhere to put text: { \optima,0\[cf3][hmp3]1\minion,0\ \minion,0\[cf2]noun \minion,0\[cf1]A \optima,0\[cf3]bitch\minion,0\[cf1] is a female dog. }
Nowhere to put text: {into the cake. }
Nowhere to put text: {blabs on and on. }
Nowhere to put text: { \optima,0\[cf3]}
Nowhere to put text: {a blank piece of paper? }
Nowhere to put text: { \optima,0\[cf3]}
Nowhere to put text: {anything we can find. }
Nowhere to put text: { \optima,0\[cf3]}
Nowhere to put text: { \optima,0\[cf3]}
Nowhere to put text: { \optima,0\[cf3]}
Nowhere to put text: {above the spectators. }
Nowhere to put text: { \optima,0\[cf3]}
Nowhere to put text: { or /\times,0\[cp8.5]b[j23][j17]\minion,0\[cp8.7]/}
Nowhere to put text: { \optima,0\[cf3]}
Nowhere to put text: {[cf1]/ba[j23]/[cf2] \minion,0\[cf2]for definitions 4[hmp1]-[hmp.4]7 }
Nowhere to put text: {bred a new variety of flower. }
Nowhere to put text: { \optima,0\[cf3]}
Nowhere to put text: {moon is very bright tonight. }
Nowhere to put text: {Australia. [j33] Those black clouds will bring rain. }
Nowhere to put text: {[j33] Swimmers develop very broad shoulders. }
Nowhere to put text: { \optima,0\[cf3]}
Nowhere to put text: { \optima,0\[cf3]}
Nowhere to put text: {like to see the menu? }
Nowhere to put text: {built a really successful sales department. }
Nowhere to put text: { \optima,0\[cf3][hmp3]1\minion,0\ \minion,0\[cf2]noun \minion,0\[cf1]A \optima,0\[cf3]bull\minion,0\[cf1] is a male cow. }
Nowhere to put text: { \optima,0\[cf3]}
Nowhere to put text: {over the garden before bursting. }
Nowhere to put text: {for buried treasure. }
Nowhere to put text: { \optima,0\[cf3]}
Nowhere to put text: { \optima,0\[cf3]}
Nowhere to put text: { (<weak form> /\times,0\[cp8.5]b[j17]t\minion,0\[cp8.7]/)}
Nowhere to put text: { \optima,0\[cf3]}
