Nowhere to put text: {\start\}
Nowhere to put text: {~[ap\head\Cc}
Nowhere to put text: { /\times,0\[cp8.5]k[j12]l[j17][j24]ma\minion,0\[cf1]ri\minion,0\[cp8.7]/}
Nowhere to put text: {[iw0]}
Nowhere to put text: {find out a lot by chatting to the neighbours.  \optima,0\[cf3]}
Nowhere to put text: {[j33] They do cheap fares to Europe.  }
Nowhere to put text: {  \optima,0\[cf3]}
Nowhere to put text: { \optima,0\[cf3]}
Nowhere to put text: {the collars properly clean.  }
Nowhere to put text: {/k[j17]m[j24]b[j12]t[cf1]\minion,0\[cp8.7]/ }
Nowhere to put text: { \optima,0\[cf3]}
Nowhere to put text: {insurance company.  }
Nowhere to put text: {4, [cf1]/k[j17]m[j24][cf3]pa[j23]nd[cf1]\minion,0\[cp8.7]/ }
Nowhere to put text: {[cf1]/[j24]k[j16]n[cf1]d... kt\minion,0\[cp8.7]/ }
Nowhere to put text: {/k[j17]n[j24]fl[j11]kt[cf1]\minion,0\[cp8.7]/ }
Nowhere to put text: { \optima,0\[cf3]}
Nowhere to put text: { \optima,0\[cf3]}
Nowhere to put text: {lunch.  }
Nowhere to put text: {/[j24]k[j16]n[cf1]v[j11]kt\minion,0\[cp8.7]/ }
Nowhere to put text: { \optima,0\[cf3]}
Nowhere to put text: { \optima,0\[cf3]}
Nowhere to put text: { /\times,0\[cp8.5][j24]k[j20]\minion,0\[cf1]di[j17]l\minion,0\[cp8.7]/  }
Nowhere to put text: { \optima,0\[cf3]}
Nowhere to put text: {  \optima,0\[cf3]}
Nowhere to put text: { \optima,0\[cf3]}
Nowhere to put text: {baby's cot.  }
Nowhere to put text: { \optima,0\[cf3]}
Nowhere to put text: { \optima,0\[cf3]}
Nowhere to put text: {  \optima,0\[cf3]}
