Nowhere to put text: {\start\}
Nowhere to put text: {~[ap\head\Dd}
Nowhere to put text: {face dry with the towel.  }
Nowhere to put text: {  \optima,0\[cf3]}
Nowhere to put text: {showed we were travelling at 120 km per hour.  }
Nowhere to put text: {  \optima,0\[cf3]}
Nowhere to put text: {  \optima,0\[cf3]}
Nowhere to put text: {in the street outside.  }
Nowhere to put text: {\optima,0\[cf3]}
Nowhere to put text: {\optima,0\[cf3]}
Nowhere to put text: {dopey all week with this flu bug.\optima,0\[cf3]}
Nowhere to put text: {\optima,0\[cf3]}
Nowhere to put text: {\optima,0\[cf3]}
Nowhere to put text: {  <for sense 1; for sense 2,>  /\times,0\[cp8.5]dra[j11]v\minion,0\[cp8.7]/ \optima,0\[cf3]}
Nowhere to put text: {\optima,0\[cf3]}
Nowhere to put text: {\optima,0\[cf3]}
Nowhere to put text: {\optima,0\[cf3]}
Nowhere to put text: { \optima,0\[cf3]}
Nowhere to put text: { \optima,0\[cf3]}
Nowhere to put text: {\optima,0\[cf3]}
Nowhere to put text: {new carpet.\optima,0\[cf3]}
Nowhere to put text: {\optima,0\[cf3]}
Nowhere to put text: { \optima,0\[cf3]}
Nowhere to put text: {\optima,0\[cf3]}
Nowhere to put text: { \optima,0\[cf3]}
Nowhere to put text: {\optima,0\[cf3]}
Nowhere to put text: {\optima,0\[cf3]}
Nowhere to put text: {\optima,0\[cf3]}
Nowhere to put text: { \optima,0\[cf3]}
Nowhere to put text: {\optima,0\[cf3]}
Nowhere to put text: { \optima,0\[cf3]}
Nowhere to put text: {rather dull company.\optima,0\[cf3]}
Nowhere to put text: {\optima,0\[cf3]}
Nowhere to put text: {\optima,0\[cf3]}
Nowhere to put text: {\optima,0\[cf3]}
Nowhere to put text: {Dwarfs.\optima,0\[cf3]}
Nowhere to put text: {\optima,0\[cf3]}
Nowhere to put text: { \optima,0\[cf3]}
