Nowhere to put text: {\start\}
Nowhere to put text: {[ap\head\Hh}
Nowhere to put text: {  \optima,0\[cf3]}
Nowhere to put text: {freezer.  }
Nowhere to put text: {\minion,0\[cf1]\optima,0\[cf3]hangs, hanged \minion,0\[cf1]<for meaning 2),>\minion,0\[cf1] }
Nowhere to put text: {  \optima,0\[cf3]}
Nowhere to put text: {doing his best.  }
Nowhere to put text: {  \optima,0\[cf3]}
Nowhere to put text: {  \optima,0\[cf3]}
Nowhere to put text: { /\times,0\[cp8.5][j24]hedtit[j14][j17], hed[j24]ti\minion,0\[cf1]t[j14][j17]\minion,0\[cp8.7]/}
Nowhere to put text: {  \optima,0\[cf3]}
Nowhere to put text: {  \optima,0\[cf3]}
Nowhere to put text: {  \optima,0\[cf3]}
Nowhere to put text: {  \optima,0\[cf3]}
Nowhere to put text: { \optima,0\[cf3]}
Nowhere to put text: {  \optima,0\[cf3]}
Nowhere to put text: {  \optima,0\[cf3]}
Nowhere to put text: {  \optima,0\[cf3]}
Nowhere to put text: {  \optima,0\[cf3]}
Nowhere to put text: {  \optima,0\[cf3]}
Nowhere to put text: {  \optima,0\[cf3]}
Nowhere to put text: {  \optima,0\[cf3]}
Nowhere to put text: {\optima,0\[cf3]1a \minion,0\ \minion,0\[cf2]verb \minion,0\[cf1]If you \optima,0\[cf3]hop\minion,0\[cf1], you jump on one foot.  }
Nowhere to put text: { [cf2]They live in a red brick house on top of the hill.  }
Nowhere to put text: {  \optima,0\[cf3]}
Nowhere to put text: {  \optima,0\[cf3]}
Nowhere to put text: {  \optima,0\[cf3]}
