Nowhere to put text: {\start\}
Nowhere to put text: {~[ap\head\Mm}
Nowhere to put text: {  \optima,0\[cf3]}
Nowhere to put text: {  \optima,0\[cf3]}
Nowhere to put text: { /\times,0\[cp8.5]m[j12]nj[j17][j24]f[j12]kt[j14][j17], [j24]m[j12]n\minion,0\[cf1]j[j17]f[j12]kt[j14][j17]\minion,0\[cp8.7]/  \optima,0\[cf3]}
Nowhere to put text: {  \optima,0\[cf3]}
Nowhere to put text: {this keeps the floor clean.  }
Nowhere to put text: {  \optima,0\[cf3]}
Nowhere to put text: {remark.  }
Nowhere to put text: {  \optima,0\[cf3]}
Nowhere to put text: {  \optima,0\[cf3]}
Nowhere to put text: {  \optima,0\[cf3]}
Nowhere to put text: {  \optima,0\[cf3]}
Nowhere to put text: { \optima,0\[cf3][hmp3]1\minion,0\ \minion,0\[cf2]abbreviation \minion,0\[cf1]for \optima,0\[cf3]minimum\minion,0\[cf1].  }
Nowhere to put text: {  \optima,0\[cf3]}
Nowhere to put text: { \optima,0\[cf3]}
Nowhere to put text: {they are noisy or even violent.  [cf2]A mob of demonstrators had gathered outside Parliament.  }
Nowhere to put text: {  \optima,0\[cf3]}
Nowhere to put text: {[j24]glut[j17]me[j11]t\minion,0\[cp8.7]/}
Nowhere to put text: {  \optima,0\[cf3]}
Nowhere to put text: {\optima,0\[cf3]mouses\minion,0\) }
Nowhere to put text: {  \optima,0\[cf3]}
Nowhere to put text: { \optima,0\[cf3]}
