Nowhere to put text: {\start\}
Nowhere to put text: {[ap\head\Pp}
Nowhere to put text: {cloth into a pad. [j33] ...sanitary pads.  }
Nowhere to put text: {container.  }
Nowhere to put text: {  \optima,0\[cf3][hmp3]1\minion,0\ \minion,0\[cf2] \minion,0\[cf1]\optima,0\[cf3]Pants\minion,0\[cf1] are men's trousers.  }
Nowhere to put text: {  \optima,0\[cf3]}
Nowhere to put text: {  \optima,0\[cf3]}
Nowhere to put text: {  \optima,0\[cf3]}
Nowhere to put text: { /\times,0\[cp8.5][j24]pas\minion,0\[cf1]ta[j11]m\minion,0\[cp8.7]/}
Nowhere to put text: {  \optima,0\[cf3]}
Nowhere to put text: {verb>, /\times,0\[cp8.5]p[j13][j24]fekt\minion,0\/  }
Nowhere to put text: { /\times,0\[cp8.5]p[j13]s[j17][j24]v[j11][j17]\minion,0\[cf1]\minion,0\[cp8.7]/}
Nowhere to put text: {  \optima,0\[cf3]}
Nowhere to put text: {  \optima,0\[cf3]}
Nowhere to put text: {  \optima,0\[cf3]}
Nowhere to put text: {  \optima,0\[cf3][hmp3]1\minion,0\ \minion,0\[cf2]noun \minion,0\[cf1]A \optima,0\[cf3]plane\minion,0\[cf1] is an aeroplane.  }
Nowhere to put text: {the bomb plot just in time.  }
Nowhere to put text: {  \optima,0\[cf3]}
Nowhere to put text: {  \optima,0\[cf3]}
Nowhere to put text: {  \optima,0\[cf3]}
Nowhere to put text: {  \optima,0\[cf3]}
Nowhere to put text: { \optima,0\[cf3]}
Nowhere to put text: {as \optima,0\[cf3]beautiful\minion,0\[cf1].  }
Nowhere to put text: {  \optima,0\[cf3]}
Nowhere to put text: {  \optima,0\[cf3]}
Nowhere to put text: { /\times,0\[cp8.7][j24]pro[j23]gr[j12]m\minion,0\[cp8.7]/ \minion,0\[cf2]}
Nowhere to put text: {  \optima,0\[cf3]}
Nowhere to put text: {  \optima,0\[cf3]}
Nowhere to put text: {  \optima,0\[cf3]}
Nowhere to put text: {[cf2]}
Nowhere to put text: {  \minion,0\[cf2]}
Nowhere to put text: {  \optima,0\[cf3]}
