Nowhere to put text: {\start\}
Nowhere to put text: {~[ap\head\Rr}
Nowhere to put text: {  \optima,0\[cf3]}
Nowhere to put text: {  \optima,0\[cf3]}
Nowhere to put text: { \times,0\[cp8.5]\minion,0\[cp8.7]}
Nowhere to put text: {  \optima,0\[cf3]}
Nowhere to put text: {  \minion,0\[cf2]for the verb; otherwise  [cf1]/[j24]re\minion,0\[cf1]k[j20]d\minion,0\[cp8.7]/  }
Nowhere to put text: {  \optima,0\[cf3][hmp3]1\minion,0\ \minion,0\[cf2]noun \minion,0\[cf1]\optima,0\[cf3]Red\minion,0\[cf1] is the colour of blood.  }
Nowhere to put text: {  \optima,0\[cf3]}
Nowhere to put text: { ; \minion,0\[cf2]for sense 3  [cf1]/\times,0\[cp8.5][j24]refjus\minion,0\[cp8.7]/  }
Nowhere to put text: { [cf2]}
Nowhere to put text: { ; \minion,0\[cf2]for sense 3  [cf1]/\times,0\[cp8.5]r[j17][j24]le[j11], [j24]rile[j11]\minion,0\[cp8.7]/  }
Nowhere to put text: {  \optima,0\[cf3]}
Nowhere to put text: {  \optima,0\[cf3]}
Nowhere to put text: {  \optima,0\[cf3]}
Nowhere to put text: {  \optima,0\[cf3]}
Nowhere to put text: {  \optima,0\[cf3]}
Nowhere to put text: {  \optima,0\[cf3]}
Nowhere to put text: {  \optima,0\[cf3]}
Nowhere to put text: {  \optima,0\[cf3]}
Nowhere to put text: {  \optima,0\[cf3]}
Nowhere to put text: { \optima,0\[cf3]}
Nowhere to put text: { \optima,0\[cf3]}
Nowhere to put text: { <for senses 1 and 2>; \minion,0\[cf2]for sense 3, [cf1] /\times,0\[cp8.5]ra[j23]\minion,0\[cp8.7]/  }
Nowhere to put text: {race.  }
